<?xml version="1.0" encoding="UTF-8"?>
<!-- Generated by org.testng.reporters.JUnitReportReporter -->
<testsuite hostname="Narmutest" failures="0" tests="1" name="food.Ubereats_Test" time="8.626" errors="0" timestamp="2024-03-06T11:05:41 UTC" skipped="0">
  <testcase classname="food.Ubereats_Test" name="launch" time="8.626"/>
  <system-out/>
</testsuite> <!-- food.Ubereats_Test -->
