<?xml version="1.0" encoding="UTF-8"?>
<!-- Generated by org.testng.reporters.JUnitReportReporter -->
<testsuite hostname="Narmutest" failures="0" tests="1" name="beauty.Loreal_Test" time="7.518" errors="0" timestamp="2024-03-06T11:05:41 UTC" skipped="0">
  <testcase classname="beauty.Loreal_Test" name="launch" time="7.518"/>
  <system-out/>
</testsuite> <!-- beauty.Loreal_Test -->
