<?xml version="1.0" encoding="UTF-8"?>
<!-- Generated by org.testng.reporters.JUnitReportReporter -->
<testsuite hostname="Narmutest" failures="0" tests="1" name="common.DemoWebShop_Test" time="6.241" errors="0" timestamp="2024-03-06T11:05:41 UTC" skipped="0">
  <testcase classname="common.DemoWebShop_Test" name="launch" time="6.241"/>
  <system-out/>
</testsuite> <!-- common.DemoWebShop_Test -->
