<?xml version="1.0" encoding="UTF-8"?>
<!-- Generated by org.testng.reporters.JUnitReportReporter -->
<testsuite hostname="Narmutest" failures="0" tests="1" name="beauty.Maybelline_Test" time="7.619" errors="0" timestamp="2024-03-06T11:05:41 UTC" skipped="0">
  <testcase classname="beauty.Maybelline_Test" name="launch" time="7.619"/>
  <system-out/>
</testsuite> <!-- beauty.Maybelline_Test -->
