<?xml version="1.0" encoding="UTF-8"?>
<!-- Generated by org.testng.reporters.JUnitReportReporter -->
<testsuite hostname="Narmutest" failures="0" tests="1" name="smoke.TestScript_01_Test" time="6.772" errors="0" timestamp="2024-03-06T11:05:41 UTC" skipped="0">
  <testcase classname="smoke.TestScript_01_Test" name="launch" time="6.772"/>
  <system-out/>
</testsuite> <!-- smoke.TestScript_01_Test -->
