<?xml version="1.0" encoding="UTF-8"?>
<!-- Generated by org.testng.reporters.JUnitReportReporter -->
<testsuite hostname="Narmutest" failures="0" tests="1" name="common.MakeMyTrip_Test" time="6.819" errors="0" timestamp="2024-03-06T11:05:41 UTC" skipped="0">
  <testcase classname="common.MakeMyTrip_Test" name="launch" time="6.819"/>
  <system-out/>
</testsuite> <!-- common.MakeMyTrip_Test -->
