<?xml version="1.0" encoding="UTF-8"?>
<!-- Generated by org.testng.reporters.JUnitReportReporter -->
<testsuite hostname="Narmutest" failures="0" tests="1" name="batchExecution.LaunchDemo" time="16.718" errors="0" timestamp="2024-02-09T10:35:45 UTC" skipped="0">
  <testcase classname="batchExecution.LaunchDemo" name="launch" time="16.718"/>
  <system-out/>
</testsuite> <!-- batchExecution.LaunchDemo -->
