<?xml version="1.0" encoding="UTF-8"?>
<!-- Generated by org.testng.reporters.JUnitReportReporter -->
<testsuite hostname="Narmutest" failures="0" tests="1" name="DemoWebShop.RegisterDetails3" time="15.360" errors="0" timestamp="2024-02-09T11:19:35 UTC" skipped="0">
  <testcase classname="DemoWebShop.RegisterDetails3" name="register" time="15.360"/>
  <system-out/>
</testsuite> <!-- DemoWebShop.RegisterDetails3 -->
