<?xml version="1.0" encoding="UTF-8"?>
<!-- Generated by org.testng.reporters.JUnitReportReporter -->
<testsuite hostname="Narmutest" failures="0" tests="1" name="batchExecution.LaunchMaybelline" time="3.826" errors="0" timestamp="2024-02-09T11:06:56 UTC" skipped="0">
  <testcase classname="batchExecution.LaunchMaybelline" name="launch" time="3.826"/>
  <system-out/>
</testsuite> <!-- batchExecution.LaunchMaybelline -->
