<?xml version="1.0" encoding="UTF-8"?>
<!-- Generated by org.testng.reporters.JUnitReportReporter -->
<testsuite hostname="Narmutest" failures="0" tests="1" name="batchExecution.LaunchSwiggy" time="16.183" errors="0" timestamp="2024-02-09T10:35:45 UTC" skipped="0">
  <testcase classname="batchExecution.LaunchSwiggy" name="launch" time="16.183"/>
  <system-out/>
</testsuite> <!-- batchExecution.LaunchSwiggy -->
