<?xml version="1.0" encoding="UTF-8"?>
<!-- Generated by org.testng.reporters.JUnitReportReporter -->
<testsuite hostname="Narmutest" failures="0" tests="3" name="batchExecution.CrossBrowserTesting" time="48.086" errors="0" timestamp="2024-02-12T10:56:19 UTC" skipped="0">
  <testcase classname="batchExecution.CrossBrowserTesting" name="launch" time="11.657"/>
  <system-out/>
  <testcase classname="batchExecution.CrossBrowserTesting" name="launch" time="14.821"/>
  <system-out/>
  <testcase classname="batchExecution.CrossBrowserTesting" name="launch" time="21.608"/>
  <system-out/>
</testsuite> <!-- batchExecution.CrossBrowserTesting -->
