<?xml version="1.0" encoding="UTF-8"?>
<!-- Generated by org.testng.reporters.JUnitReportReporter -->
<testsuite hostname="Narmutest" failures="0" tests="1" name="DemoWebShop.RegisterDetails1" time="7.671" errors="0" timestamp="2024-02-09T11:21:07 UTC" skipped="0">
  <testcase classname="DemoWebShop.RegisterDetails1" name="register" time="7.671"/>
  <system-out/>
</testsuite> <!-- DemoWebShop.RegisterDetails1 -->
