<?xml version="1.0" encoding="UTF-8"?>
<!-- Generated by org.testng.reporters.JUnitReportReporter -->
<testsuite hostname="Narmutest" failures="0" tests="1" name="testNgMethods.Basic" time="0.016" errors="0" timestamp="2024-02-05T11:01:54 UTC" skipped="0">
  <testcase classname="testNgMethods.Basic" name="launch" time="0.016"/>
  <system-out>
    <![CDATA[testNG installed]]>
  </system-out>
</testsuite> <!-- testNgMethods.Basic -->
