<?xml version="1.0" encoding="UTF-8"?>
<!-- Generated by org.testng.reporters.JUnitReportReporter -->
<testsuite hostname="Narmutest" failures="0" tests="4" name="testNgMethods.ProrityAttribute" time="0.038" errors="0" timestamp="2024-02-06T10:05:19 UTC" skipped="0">
  <testcase classname="testNgMethods.ProrityAttribute" name="register" time="0.016"/>
  <system-out>
    <![CDATA[User has registered]]>
  </system-out>
  <testcase classname="testNgMethods.ProrityAttribute" name="login" time="0.010"/>
  <system-out>
    <![CDATA[User has logeed in]]>
  </system-out>
  <testcase classname="testNgMethods.ProrityAttribute" name="addToCart" time="0.006"/>
  <system-out>
    <![CDATA[Added to Cart]]>
  </system-out>
  <testcase classname="testNgMethods.ProrityAttribute" name="logout" time="0.006"/>
  <system-out>
    <![CDATA[User has logged out]]>
  </system-out>
</testsuite> <!-- testNgMethods.ProrityAttribute -->
