<?xml version="1.0" encoding="UTF-8"?>
<!-- Generated by org.testng.reporters.JUnitReportReporter -->
<testsuite hostname="Narmutest" failures="0" tests="2" name="testNgMethods.DataProviderMethod" time="0.022" errors="0" timestamp="2024-02-12T11:19:40 UTC" skipped="0">
  <testcase classname="testNgMethods.DataProviderMethod" name="print" time="0.009"/>
  <system-out>
    <![CDATA[Vishnu
NL
O+]]>
  </system-out>
  <testcase classname="testNgMethods.DataProviderMethod" name="print" time="0.013"/>
  <system-out>
    <![CDATA[Narmu
NL
AB+]]>
  </system-out>
</testsuite> <!-- testNgMethods.DataProviderMethod -->
