<?xml version="1.0" encoding="UTF-8"?>
<!-- Generated by org.testng.reporters.JUnitReportReporter -->
<testsuite hostname="Narmutest" failures="0" tests="3" name="batchExecution.CrossBrowserRegister" time="50.987" errors="0" timestamp="2024-02-12T10:56:19 UTC" skipped="0">
  <testcase classname="batchExecution.CrossBrowserRegister" name="launch" time="13.659"/>
  <system-out/>
  <testcase classname="batchExecution.CrossBrowserRegister" name="launch" time="15.502"/>
  <system-out/>
  <testcase classname="batchExecution.CrossBrowserRegister" name="launch" time="21.826"/>
  <system-out/>
</testsuite> <!-- batchExecution.CrossBrowserRegister -->
