<?xml version="1.0" encoding="UTF-8"?>
<!-- Generated by org.testng.reporters.JUnitReportReporter -->
<testsuite hostname="Narmutest" failures="0" tests="6" name="testNgMethods.EnabledAttribute" time="0.074" errors="0" timestamp="2024-02-06T11:01:45 UTC" skipped="1">
  <testcase classname="testNgMethods.EnabledAttribute" name="addToCart" time="0.002"/>
  <system-out>
    <![CDATA[Added to Cart]]>
  </system-out>
  <testcase classname="testNgMethods.EnabledAttribute" name="addToCart" time="0.032"/>
  <system-out>
    <![CDATA[Added to Cart]]>
  </system-out>
  <testcase classname="testNgMethods.EnabledAttribute" name="addToCart" time="0.023"/>
  <system-out>
    <![CDATA[Added to Cart]]>
  </system-out>
  <testcase classname="testNgMethods.EnabledAttribute" name="logout" time="0.013"/>
  <system-out>
    <![CDATA[Logged out]]>
  </system-out>
  <testcase classname="testNgMethods.EnabledAttribute" name="logout" time="0.004"/>
  <system-out>
    <![CDATA[Logged out]]>
  </system-out>
  <testcase classname="testNgMethods.EnabledAttribute" name="login">
    <skipped/>
  </testcase> <!-- login -->
  <system-out/>
</testsuite> <!-- testNgMethods.EnabledAttribute -->
