<?xml version="1.0" encoding="UTF-8"?>
<!-- Generated by org.testng.reporters.JUnitReportReporter -->
<testsuite hostname="Narmutest" failures="0" tests="1" name="batchExecution.LaunchPurplle" time="4.104" errors="0" timestamp="2024-02-09T11:06:56 UTC" skipped="0">
  <testcase classname="batchExecution.LaunchPurplle" name="launch" time="4.104"/>
  <system-out/>
</testsuite> <!-- batchExecution.LaunchPurplle -->
