<?xml version="1.0" encoding="UTF-8"?>
<!-- Generated by org.testng.reporters.JUnitReportReporter -->
<testsuite hostname="Narmutest" failures="0" tests="4" name="Assignments.DataProviderFromExcelAssignment" time="38.427" errors="0" timestamp="2024-02-14T10:39:06 UTC" skipped="0">
  <testcase classname="Assignments.DataProviderFromExcelAssignment" name="login" time="10.322"/>
  <system-out/>
  <testcase classname="Assignments.DataProviderFromExcelAssignment" name="login" time="10.834"/>
  <system-out/>
  <testcase classname="Assignments.DataProviderFromExcelAssignment" name="login" time="8.664"/>
  <system-out/>
  <testcase classname="Assignments.DataProviderFromExcelAssignment" name="login" time="8.607"/>
  <system-out/>
</testsuite> <!-- Assignments.DataProviderFromExcelAssignment -->
