<?xml version="1.0" encoding="UTF-8"?>
<!-- Generated by org.testng.reporters.JUnitReportReporter -->
<testsuite hostname="Narmutest" failures="0" tests="1" name="pom.TestScript1" time="8.605" errors="0" timestamp="2024-02-16T11:10:58 UTC" skipped="0">
  <testcase classname="pom.TestScript1" name="demo" time="8.605"/>
  <system-out/>
</testsuite> <!-- pom.TestScript1 -->
