<?xml version="1.0" encoding="UTF-8"?>
<!-- Generated by org.testng.reporters.JUnitReportReporter -->
<testsuite hostname="Narmutest" failures="0" tests="1" name="testNgMethods.ChildClass" time="0.029" errors="0" timestamp="2024-02-07T11:31:30 UTC" skipped="0">
  <testcase classname="testNgMethods.ChildClass" name="hello" time="0.029"/>
  <system-out>
    <![CDATA[Hello!!]]>
  </system-out>
</testsuite> <!-- testNgMethods.ChildClass -->
