<?xml version="1.0" encoding="UTF-8"?>
<!-- Generated by org.testng.reporters.JUnitReportReporter -->
<testsuite hostname="Narmutest" failures="0" tests="1" name="testNgMethods.ChronologicalOrder" time="0.035" errors="0" timestamp="2024-02-07T14:05:15 UTC" skipped="0">
  <testcase classname="testNgMethods.ChronologicalOrder" name="hello" time="0.035"/>
  <system-out>
    <![CDATA[Hello!!]]>
  </system-out>
</testsuite> <!-- testNgMethods.ChronologicalOrder -->
