<?xml version="1.0" encoding="UTF-8"?>
<!-- Generated by org.testng.reporters.JUnitReportReporter -->
<testsuite hostname="Narmutest" failures="0" tests="7" name="testNgMethods.InvocationCountAttribute" time="0.082" errors="0" timestamp="2024-02-06T10:28:59 UTC" skipped="0">
  <testcase classname="testNgMethods.InvocationCountAttribute" name="logout" time="0.011"/>
  <system-out>
    <![CDATA[User has logged out]]>
  </system-out>
  <testcase classname="testNgMethods.InvocationCountAttribute" name="logout" time="0.017"/>
  <system-out>
    <![CDATA[User has logged out]]>
  </system-out>
  <testcase classname="testNgMethods.InvocationCountAttribute" name="logout" time="0.012"/>
  <system-out>
    <![CDATA[User has logged out]]>
  </system-out>
  <testcase classname="testNgMethods.InvocationCountAttribute" name="register" time="0.013"/>
  <system-out>
    <![CDATA[User has registered]]>
  </system-out>
  <testcase classname="testNgMethods.InvocationCountAttribute" name="logout" time="0.016"/>
  <system-out>
    <![CDATA[User has logged out]]>
  </system-out>
  <testcase classname="testNgMethods.InvocationCountAttribute" name="login" time="0.008"/>
  <system-out>
    <![CDATA[User has logeed in]]>
  </system-out>
  <testcase classname="testNgMethods.InvocationCountAttribute" name="login" time="0.005"/>
  <system-out>
    <![CDATA[User has logeed in]]>
  </system-out>
</testsuite> <!-- testNgMethods.InvocationCountAttribute -->
