<?xml version="1.0" encoding="UTF-8"?>
<!-- Generated by org.testng.reporters.JUnitReportReporter -->
<testsuite hostname="Narmutest" failures="0" tests="2" name="Assignments.practise" time="0.055" errors="0" timestamp="2024-02-12T12:00:10 UTC" skipped="0">
  <testcase classname="Assignments.practise" name="print" time="0.051"/>
  <system-out>
    <![CDATA[Print]]>
  </system-out>
  <testcase classname="Assignments.practise" name="test" time="0.004"/>
  <system-out>
    <![CDATA[Test]]>
  </system-out>
</testsuite> <!-- Assignments.practise -->
