<?xml version="1.0" encoding="UTF-8"?>
<!-- Generated by org.testng.reporters.JUnitReportReporter -->
<testsuite hostname="Narmutest" failures="0" tests="1" name="testNgMethods.TimeOutAttribute" time="0.025" errors="0" timestamp="2024-02-07T09:57:27 UTC" skipped="0">
  <testcase classname="testNgMethods.TimeOutAttribute" name="launch" time="0.025"/>
  <system-out>
    <![CDATA[Launched]]>
  </system-out>
</testsuite> <!-- testNgMethods.TimeOutAttribute -->
