<?xml version="1.0" encoding="UTF-8"?>
<!-- Generated by org.testng.reporters.JUnitReportReporter -->
<testsuite hostname="Narmutest" failures="0" tests="4" name="testNgMethods.DataProviderFromExcel" time="39.456" errors="0" timestamp="2024-02-13T10:37:39 UTC" skipped="0">
  <testcase classname="testNgMethods.DataProviderFromExcel" name="register" time="8.655"/>
  <system-out/>
  <testcase classname="testNgMethods.DataProviderFromExcel" name="register" time="8.947"/>
  <system-out/>
  <testcase classname="testNgMethods.DataProviderFromExcel" name="register" time="12.446"/>
  <system-out/>
  <testcase classname="testNgMethods.DataProviderFromExcel" name="register" time="9.408"/>
  <system-out/>
</testsuite> <!-- testNgMethods.DataProviderFromExcel -->
