<?xml version="1.0" encoding="UTF-8"?>
<!-- Generated by org.testng.reporters.JUnitReportReporter -->
<testsuite hostname="Narmutest" failures="0" tests="4" name="testNgMethods.DependsOnMethodsAttribute" time="0.034" errors="0" timestamp="2024-02-07T09:38:56 UTC" skipped="0">
  <testcase classname="testNgMethods.DependsOnMethodsAttribute" name="addToCart" time="0.006"/>
  <system-out>
    <![CDATA[Added to cart]]>
  </system-out>
  <testcase classname="testNgMethods.DependsOnMethodsAttribute" name="register" time="0.022"/>
  <system-out>
    <![CDATA[User Registered]]>
  </system-out>
  <testcase classname="testNgMethods.DependsOnMethodsAttribute" name="logout" time="0.002"/>
  <system-out>
    <![CDATA[Logged out]]>
  </system-out>
  <testcase classname="testNgMethods.DependsOnMethodsAttribute" name="login" time="0.004"/>
  <system-out>
    <![CDATA[Logged in]]>
  </system-out>
</testsuite> <!-- testNgMethods.DependsOnMethodsAttribute -->
