<?xml version="1.0" encoding="UTF-8"?>
<!-- Generated by org.testng.reporters.JUnitReportReporter -->
<testsuite hostname="Narmutest" failures="0" tests="1" name="testNgMethods.LaunchDemoWebShop" time="19.973" errors="0" timestamp="2024-02-05T11:12:04 UTC" skipped="0">
  <testcase classname="testNgMethods.LaunchDemoWebShop" name="launch" time="19.973"/>
  <system-out/>
</testsuite> <!-- testNgMethods.LaunchDemoWebShop -->
