<?xml version="1.0" encoding="UTF-8"?>
<!-- Generated by org.testng.reporters.JUnitReportReporter -->
<testsuite hostname="Narmutest" failures="0" tests="1" name="Assignments.DemoWebShopMain" time="22.761" errors="0" timestamp="2024-02-20T17:22:04 UTC" skipped="0">
  <testcase classname="Assignments.DemoWebShopMain" name="product" time="22.761"/>
  <system-out>
    <![CDATA[Total Amount is 820.00]]>
  </system-out>
</testsuite> <!-- Assignments.DemoWebShopMain -->
