<?xml version="1.0" encoding="UTF-8"?>
<!-- Generated by org.testng.reporters.JUnitReportReporter -->
<testsuite hostname="Narmutest" failures="0" tests="6" name="testNgMethods.ThreadPoolSizeAttribute" time="0.060" errors="0" timestamp="2024-02-06T10:55:53 UTC" skipped="0">
  <testcase classname="testNgMethods.ThreadPoolSizeAttribute" name="logout" time="0.004"/>
  <system-out>
    <![CDATA[Logged out]]>
  </system-out>
  <testcase classname="testNgMethods.ThreadPoolSizeAttribute" name="addToCart" time="0.007"/>
  <system-out>
    <![CDATA[Added to Cart]]>
  </system-out>
  <testcase classname="testNgMethods.ThreadPoolSizeAttribute" name="addToCart" time="0.020"/>
  <system-out>
    <![CDATA[Added to Cart]]>
  </system-out>
  <testcase classname="testNgMethods.ThreadPoolSizeAttribute" name="logout" time="0.008"/>
  <system-out>
    <![CDATA[Logged out]]>
  </system-out>
  <testcase classname="testNgMethods.ThreadPoolSizeAttribute" name="addToCart" time="0.018"/>
  <system-out>
    <![CDATA[Added to Cart]]>
  </system-out>
  <testcase classname="testNgMethods.ThreadPoolSizeAttribute" name="login" time="0.003"/>
  <system-out>
    <![CDATA[Looged in]]>
  </system-out>
</testsuite> <!-- testNgMethods.ThreadPoolSizeAttribute -->
