<?xml version="1.0" encoding="UTF-8"?>
<!-- Generated by org.testng.reporters.JUnitReportReporter -->
<testsuite hostname="Narmutest" failures="0" tests="4" name="Assignments.DataProviderAssignment" time="0.028" errors="0" timestamp="2024-02-12T12:01:08 UTC" skipped="0">
  <testcase classname="Assignments.DataProviderAssignment" name="print" time="0.016"/>
  <system-out>
    <![CDATA[Sadur
India
B+]]>
  </system-out>
  <testcase classname="Assignments.DataProviderAssignment" name="test" time="0.003"/>
  <system-out>
    <![CDATA[Narmu
NL
AB+]]>
  </system-out>
  <testcase classname="Assignments.DataProviderAssignment" name="test" time="0.003"/>
  <system-out>
    <![CDATA[Vishnu
NL
O+]]>
  </system-out>
  <testcase classname="Assignments.DataProviderAssignment" name="print" time="0.006"/>
  <system-out>
    <![CDATA[Vidhyuth
India
B+]]>
  </system-out>
</testsuite> <!-- Assignments.DataProviderAssignment -->
