<?xml version="1.0" encoding="UTF-8"?>
<!-- Generated by org.testng.reporters.JUnitReportReporter -->
<testsuite hostname="Narmutest" failures="0" tests="1" name="Assignments.Test2" time="0.036" errors="0" timestamp="2024-02-07T19:24:20 UTC" skipped="0">
  <testcase classname="Assignments.Test2" name="test" time="0.036"/>
  <system-out>
    <![CDATA[Test]]>
  </system-out>
</testsuite> <!-- Assignments.Test2 -->
