<?xml version="1.0" encoding="UTF-8"?>
<!-- Generated by org.testng.reporters.JUnitReportReporter -->
<testsuite hostname="Narmutest" failures="0" tests="1" name="batchExecution.LaunchLakme" time="9.396" errors="0" timestamp="2024-02-09T11:06:56 UTC" skipped="0">
  <testcase classname="batchExecution.LaunchLakme" name="launch" time="9.396"/>
  <system-out/>
</testsuite> <!-- batchExecution.LaunchLakme -->
