<?xml version="1.0" encoding="UTF-8"?>
<!-- Generated by org.testng.reporters.JUnitReportReporter -->
<testsuite hostname="Narmutest" failures="0" tests="3" name="batchExecution.CrossBrowserAddingItems" time="48.387" errors="0" timestamp="2024-02-12T10:56:19 UTC" skipped="0">
  <testcase classname="batchExecution.CrossBrowserAddingItems" name="launch" time="14.580"/>
  <system-out/>
  <testcase classname="batchExecution.CrossBrowserAddingItems" name="launch" time="12.004"/>
  <system-out/>
  <testcase classname="batchExecution.CrossBrowserAddingItems" name="launch" time="21.803"/>
  <system-out/>
</testsuite> <!-- batchExecution.CrossBrowserAddingItems -->
